#
# There is insufficient memory for the Java Runtime Environment to continue.
# Native memory allocation (malloc) failed to allocate 1048576 bytes. Error detail: AllocateHeap
# Possible reasons:
#   The system is out of physical RAM or swap space
#   This process is running with CompressedOops enabled, and the Java Heap may be blocking the growth of the native heap
# Possible solutions:
#   Reduce memory load on the system
#   Increase physical memory or swap space
#   Check if swap backing store is full
#   Decrease Java heap size (-Xmx/-Xms)
#   Decrease number of Java threads
#   Decrease Java thread stack sizes (-Xss)
#   Set larger code cache with -XX:ReservedCodeCacheSize=
#   JVM is running with Unscaled Compressed Oops mode in which the Java heap is
#     placed in the first 4GB address space. The Java Heap base address is the
#     maximum limit for the native heap growth. Please use -XX:HeapBaseMinAddress
#     to set the Java Heap base and to place the Java Heap above 4GB virtual address.
# This output file may be truncated or incomplete.
#
#  Out of Memory Error (allocation.cpp:44), pid=11944, tid=18164
#
# JRE version:  (17.0.13+11) (build )
# Java VM: OpenJDK 64-Bit Server VM (17.0.13+11, mixed mode, tiered, compressed oops, compressed class ptrs, parallel gc, windows-amd64)
# No core dump will be written. Minidumps are not enabled by default on client versions of Windows
#

---------------  S U M M A R Y ------------

Command Line: --add-modules=ALL-SYSTEM --add-opens=java.base/java.util=ALL-UNNAMED --add-opens=java.base/java.lang=ALL-UNNAMED --add-opens=java.base/sun.nio.fs=ALL-UNNAMED -Declipse.application=org.eclipse.jdt.ls.core.id1 -Dosgi.bundles.defaultStartLevel=4 -Declipse.product=org.eclipse.jdt.ls.core.product -Djava.import.generatesMetadataFilesAtProjectRoot=false -DDetectVMInstallationsJob.disabled=true -Dfile.encoding=utf8 -XX:+UseParallelGC -XX:GCTimeRatio=4 -XX:AdaptiveSizePolicyWeight=90 -Dsun.zip.disableMemoryMapping=true -Xmx1G -Xms100m -Xlog:disable -javaagent:c:\Users\suran\.vscode\extensions\redhat.java-1.38.0-win32-x64\lombok\lombok-1.18.34.jar -XX:+HeapDumpOnOutOfMemoryError -XX:HeapDumpPath=c:\Users\suran\AppData\Roaming\Code\User\workspaceStorage\db553c49a4f15faddec438d4fb2ffc17\redhat.java -Daether.dependencyCollector.impl=bf c:\Users\suran\.vscode\extensions\redhat.java-1.38.0-win32-x64\server\plugins\org.eclipse.equinox.launcher_1.6.900.v20240613-2009.jar -configuration c:\Users\suran\AppData\Roaming\Code\User\globalStorage\redhat.java\1.38.0\config_win -data c:\Users\suran\AppData\Roaming\Code\User\workspaceStorage\db553c49a4f15faddec438d4fb2ffc17\redhat.java\jdt_ws --pipe=\\.\pipe\lsp-429135e7f6a2753d69ca1846ab7678e0-sock

Host: 11th Gen Intel(R) Core(TM) i5-11300H @ 3.10GHz, 8 cores, 7G,  Windows 11 , 64 bit Build 22621 (10.0.22621.4391)
Time: Thu Dec 19 23:27:28 2024 Nepal Standard Time elapsed time: 0.207977 seconds (0d 0h 0m 0s)

---------------  T H R E A D  ---------------

Current thread (0x000002be22cd4b30):  JavaThread "Unknown thread" [_thread_in_vm, id=18164, stack(0x000000e7fd300000,0x000000e7fd400000)]

Stack: [0x000000e7fd300000,0x000000e7fd400000]
Native frames: (J=compiled Java code, j=interpreted, Vv=VM code, C=native code)
V  [jvm.dll+0x682a19]
V  [jvm.dll+0x839538]
V  [jvm.dll+0x83afe3]
V  [jvm.dll+0x83b653]
V  [jvm.dll+0x24704f]
V  [jvm.dll+0xa7543]
V  [jvm.dll+0x6b60e6]
V  [jvm.dll+0x6b6dde]
V  [jvm.dll+0x68f243]
V  [jvm.dll+0x80bb63]
V  [jvm.dll+0x36b514]
V  [jvm.dll+0x7e9e3f]
V  [jvm.dll+0x3f1d7f]
V  [jvm.dll+0x3f38b1]
C  [jli.dll+0x5278]
C  [ucrtbase.dll+0x29333]
C  [KERNEL32.DLL+0x1259d]
C  [ntdll.dll+0x5af38]


---------------  P R O C E S S  ---------------

Threads class SMR info:
_java_thread_list=0x00007ffe88137f58, length=0, elements={
}

Java Threads: ( => current thread )

Other Threads:
  0x000002be22ce9fc0 GCTaskThread "GC Thread#0" [stack: 0x000000e7fd400000,0x000000e7fd500000] [id=3940]

=>0x000002be22cd4b30 (exited) JavaThread "Unknown thread" [_thread_in_vm, id=18164, stack(0x000000e7fd300000,0x000000e7fd400000)]

Threads with active compile tasks:

VM state: not at safepoint (normal execution)

VM Mutex/Monitor currently owned by a thread: None

Heap address: 0x00000000c0000000, size: 1024 MB, Compressed Oops mode: 32-bit

CDS archive(s) not mapped
Compressed class space mapped at: 0x0000000100000000-0x0000000140000000, reserved size: 1073741824
Narrow klass base: 0x0000000000000000, Narrow klass shift: 3, Narrow klass range: 0x140000000

GC Precious Log:
 CPUs: 8 total, 8 available
 Memory: 7975M
 Large Page Support: Disabled
 NUMA Support: Disabled
 Compressed Oops: Enabled (32-bit)
 Alignments: Space 512K, Generation 512K, Heap 2M
 Heap Min Capacity: 100M
 Heap Initial Capacity: 100M
 Heap Max Capacity: 1G
 Pre-touch: Disabled
 Parallel Workers: 8

Heap:
 PSYoungGen      total 29696K, used 512K [0x00000000eab00000, 0x00000000ecc00000, 0x0000000100000000)
  eden space 25600K, 2% used [0x00000000eab00000,0x00000000eab80070,0x00000000ec400000)
  from space 4096K, 0% used [0x00000000ec800000,0x00000000ec800000,0x00000000ecc00000)
  to   space 4096K, 0% used [0x00000000ec400000,0x00000000ec400000,0x00000000ec800000)
 ParOldGen       total 68608K, used 0K [0x00000000c0000000, 0x00000000c4300000, 0x00000000eab00000)
  object space 68608K, 0% used [0x00000000c0000000,0x00000000c0000000,0x00000000c4300000)
 Metaspace       used 1149K, committed 1216K, reserved 1114112K
  class space    used 101K, committed 128K, reserved 1048576K

Card table byte_map: [0x000002be36370000,0x000002be36580000] _byte_map_base: 0x000002be35d70000

Marking Bits: (ParMarkBitMap*) 0x00007ffe881a6940
 Begin Bits: [0x000002be366e0000, 0x000002be376e0000)
 End Bits:   [0x000002be376e0000, 0x000002be386e0000)

Polling page: 0x000002be22d80000

Metaspace:

Usage:
  Non-class:      1.02 MB used.
      Class:    101.05 KB used.
       Both:      1.12 MB used.

Virtual space:
  Non-class space:       64.00 MB reserved,       1.06 MB (  2%) committed,  1 nodes.
      Class space:        1.00 GB reserved,     128.00 KB ( <1%) committed,  1 nodes.
             Both:        1.06 GB reserved,       1.19 MB ( <1%) committed. 

Chunk freelists:
   Non-Class:  12.00 MB
       Class:  15.75 MB
        Both:  27.75 MB

MaxMetaspaceSize: unlimited
CompressedClassSpaceSize: 1.00 GB
Initial GC threshold: 21.00 MB
Current GC threshold: 17179869184.00 GB
CDS: off
MetaspaceReclaimPolicy: balanced
 - commit_granule_bytes: 65536.
 - commit_granule_words: 8192.
 - virtual_space_node_default_size: 8388608.
 - enlarge_chunks_in_place: 1.
 - new_chunks_are_fully_committed: 0.
 - uncommit_free_chunks: 1.
 - use_allocation_guard: 0.
 - handle_deallocations: 1.


Internal statistics:

num_allocs_failed_limit: 0.
num_arena_births: 2.
num_arena_deaths: 0.
num_vsnodes_births: 2.
num_vsnodes_deaths: 0.
num_space_committed: 19.
num_space_uncommitted: 0.
num_chunks_returned_to_freelist: 0.
num_chunks_taken_from_freelist: 3.
num_chunk_merges: 0.
num_chunk_splits: 2.
num_chunks_enlarged: 0.
num_inconsistent_stats: 0.

CodeHeap 'non-profiled nmethods': size=120000Kb used=0Kb max_used=0Kb free=120000Kb
 bounds [0x000002be2ec60000, 0x000002be2eed0000, 0x000002be36190000]
CodeHeap 'profiled nmethods': size=120000Kb used=0Kb max_used=0Kb free=120000Kb
 bounds [0x000002be27190000, 0x000002be27400000, 0x000002be2e6c0000]
CodeHeap 'non-nmethods': size=5760Kb used=209Kb max_used=360Kb free=5550Kb
 bounds [0x000002be2e6c0000, 0x000002be2e930000, 0x000002be2ec60000]
 total_blobs=66 nmethods=0 adapters=47
 compilation: enabled
              stopped_count=0, restarted_count=0
 full_count=0

Compilation events (0 events):
No events

GC Heap History (0 events):
No events

Dll operation events (1 events):
Event: 0.017 Loaded shared library c:\Users\suran\.vscode\extensions\redhat.java-1.38.0-win32-x64\jre\17.0.13-win32-x86_64\bin\java.dll

Deoptimization events (0 events):
No events

Classes loaded (20 events):
Event: 0.075 Loading class java/lang/Long
Event: 0.095 Loading class java/lang/Long done
Event: 0.095 Loading class java/util/Iterator
Event: 0.095 Loading class java/util/Iterator done
Event: 0.095 Loading class java/lang/reflect/RecordComponent
Event: 0.097 Loading class java/lang/reflect/RecordComponent done
Event: 0.097 Loading class jdk/internal/vm/vector/VectorSupport
Event: 0.098 Loading class jdk/internal/vm/vector/VectorSupport done
Event: 0.098 Loading class jdk/internal/vm/vector/VectorSupport$VectorPayload
Event: 0.098 Loading class jdk/internal/vm/vector/VectorSupport$VectorPayload done
Event: 0.098 Loading class jdk/internal/vm/vector/VectorSupport$Vector
Event: 0.098 Loading class jdk/internal/vm/vector/VectorSupport$Vector done
Event: 0.098 Loading class jdk/internal/vm/vector/VectorSupport$VectorMask
Event: 0.099 Loading class jdk/internal/vm/vector/VectorSupport$VectorMask done
Event: 0.099 Loading class jdk/internal/vm/vector/VectorSupport$VectorShuffle
Event: 0.099 Loading class jdk/internal/vm/vector/VectorSupport$VectorShuffle done
Event: 0.106 Loading class java/lang/NullPointerException
Event: 0.106 Loading class java/lang/NullPointerException done
Event: 0.106 Loading class java/lang/ArithmeticException
Event: 0.106 Loading class java/lang/ArithmeticException done

Classes unloaded (0 events):
No events

Classes redefined (0 events):
No events

Internal exceptions (0 events):
No events

VM Operations (0 events):
No events

Memory protections (0 events):
No events

Nmethod flushes (0 events):
No events

Events (0 events):
No events


Dynamic libraries:
0x00007ff7cdc10000 - 0x00007ff7cdc1e000 	c:\Users\suran\.vscode\extensions\redhat.java-1.38.0-win32-x64\jre\17.0.13-win32-x86_64\bin\java.exe
0x00007fff15bb0000 - 0x00007fff15dc7000 	C:\WINDOWS\SYSTEM32\ntdll.dll
0x00007fff13b20000 - 0x00007fff13be4000 	C:\WINDOWS\System32\KERNEL32.DLL
0x00007fff12eb0000 - 0x00007fff1326a000 	C:\WINDOWS\System32\KERNELBASE.dll
0x00007fff13660000 - 0x00007fff13771000 	C:\WINDOWS\System32\ucrtbase.dll
0x00007fff04490000 - 0x00007fff044a7000 	c:\Users\suran\.vscode\extensions\redhat.java-1.38.0-win32-x64\jre\17.0.13-win32-x86_64\bin\jli.dll
0x00007fff14580000 - 0x00007fff1472e000 	C:\WINDOWS\System32\USER32.dll
0x00007fff12e80000 - 0x00007fff12ea6000 	C:\WINDOWS\System32\win32u.dll
0x00007fff15840000 - 0x00007fff15869000 	C:\WINDOWS\System32\GDI32.dll
0x00007fff13540000 - 0x00007fff1365b000 	C:\WINDOWS\System32\gdi32full.dll
0x00007fff13270000 - 0x00007fff1330a000 	C:\WINDOWS\System32\msvcp_win.dll
0x00007fff043e0000 - 0x00007fff043fe000 	c:\Users\suran\.vscode\extensions\redhat.java-1.38.0-win32-x64\jre\17.0.13-win32-x86_64\bin\VCRUNTIME140.dll
0x00007fff01300000 - 0x00007fff01592000 	C:\WINDOWS\WinSxS\amd64_microsoft.windows.common-controls_6595b64144ccf1df_6.0.22621.4541_none_2710d1c57384c085\COMCTL32.dll
0x00007fff159e0000 - 0x00007fff15a87000 	C:\WINDOWS\System32\msvcrt.dll
0x00007fff15770000 - 0x00007fff157a1000 	C:\WINDOWS\System32\IMM32.DLL
0x00007fff082e0000 - 0x00007fff082ec000 	c:\Users\suran\.vscode\extensions\redhat.java-1.38.0-win32-x64\jre\17.0.13-win32-x86_64\bin\vcruntime140_1.dll
0x00007ffeed6b0000 - 0x00007ffeed73d000 	c:\Users\suran\.vscode\extensions\redhat.java-1.38.0-win32-x64\jre\17.0.13-win32-x86_64\bin\msvcp140.dll
0x00007ffe87600000 - 0x00007ffe8826b000 	c:\Users\suran\.vscode\extensions\redhat.java-1.38.0-win32-x64\jre\17.0.13-win32-x86_64\bin\server\jvm.dll
0x00007fff156a0000 - 0x00007fff15752000 	C:\WINDOWS\System32\ADVAPI32.dll
0x00007fff155f0000 - 0x00007fff15697000 	C:\WINDOWS\System32\sechost.dll
0x00007fff13800000 - 0x00007fff13828000 	C:\WINDOWS\System32\bcrypt.dll
0x00007fff13a00000 - 0x00007fff13b14000 	C:\WINDOWS\System32\RPCRT4.dll
0x00007fff157b0000 - 0x00007fff15821000 	C:\WINDOWS\System32\WS2_32.dll
0x00007fff126b0000 - 0x00007fff126fd000 	C:\WINDOWS\SYSTEM32\POWRPROF.dll
0x00007fff0a970000 - 0x00007fff0a9a4000 	C:\WINDOWS\SYSTEM32\WINMM.dll
0x00007ffef73e0000 - 0x00007ffef73ea000 	C:\WINDOWS\SYSTEM32\VERSION.dll
0x00007fff12640000 - 0x00007fff12653000 	C:\WINDOWS\SYSTEM32\UMPDC.dll
0x00007fff11e90000 - 0x00007fff11ea8000 	C:\WINDOWS\SYSTEM32\kernel.appcore.dll
0x00007fff04610000 - 0x00007fff0461a000 	c:\Users\suran\.vscode\extensions\redhat.java-1.38.0-win32-x64\jre\17.0.13-win32-x86_64\bin\jimage.dll
0x00007fff10620000 - 0x00007fff10852000 	C:\WINDOWS\SYSTEM32\DBGHELP.DLL
0x00007fff151e0000 - 0x00007fff1556f000 	C:\WINDOWS\System32\combase.dll
0x00007fff15a90000 - 0x00007fff15b67000 	C:\WINDOWS\System32\OLEAUT32.dll
0x00007ffef5d90000 - 0x00007ffef5dc2000 	C:\WINDOWS\SYSTEM32\dbgcore.DLL
0x00007fff13830000 - 0x00007fff138ab000 	C:\WINDOWS\System32\bcryptPrimitives.dll
0x00007fff01960000 - 0x00007fff0196e000 	c:\Users\suran\.vscode\extensions\redhat.java-1.38.0-win32-x64\jre\17.0.13-win32-x86_64\bin\instrument.dll
0x00007fff041f0000 - 0x00007fff04215000 	c:\Users\suran\.vscode\extensions\redhat.java-1.38.0-win32-x64\jre\17.0.13-win32-x86_64\bin\java.dll
0x00007fff01970000 - 0x00007fff01988000 	c:\Users\suran\.vscode\extensions\redhat.java-1.38.0-win32-x64\jre\17.0.13-win32-x86_64\bin\zip.dll

dbghelp: loaded successfully - version: 4.0.5 - missing functions: none
symbol engine: initialized successfully - sym options: 0x614 - pdb path: .;c:\Users\suran\.vscode\extensions\redhat.java-1.38.0-win32-x64\jre\17.0.13-win32-x86_64\bin;C:\WINDOWS\SYSTEM32;C:\WINDOWS\WinSxS\amd64_microsoft.windows.common-controls_6595b64144ccf1df_6.0.22621.4541_none_2710d1c57384c085;c:\Users\suran\.vscode\extensions\redhat.java-1.38.0-win32-x64\jre\17.0.13-win32-x86_64\bin\server

VM Arguments:
jvm_args: --add-modules=ALL-SYSTEM --add-opens=java.base/java.util=ALL-UNNAMED --add-opens=java.base/java.lang=ALL-UNNAMED --add-opens=java.base/sun.nio.fs=ALL-UNNAMED -Declipse.application=org.eclipse.jdt.ls.core.id1 -Dosgi.bundles.defaultStartLevel=4 -Declipse.product=org.eclipse.jdt.ls.core.product -Djava.import.generatesMetadataFilesAtProjectRoot=false -DDetectVMInstallationsJob.disabled=true -Dfile.encoding=utf8 -XX:+UseParallelGC -XX:GCTimeRatio=4 -XX:AdaptiveSizePolicyWeight=90 -Dsun.zip.disableMemoryMapping=true -Xmx1G -Xms100m -Xlog:disable -javaagent:c:\Users\suran\.vscode\extensions\redhat.java-1.38.0-win32-x64\lombok\lombok-1.18.34.jar -XX:+HeapDumpOnOutOfMemoryError -XX:HeapDumpPath=c:\Users\suran\AppData\Roaming\Code\User\workspaceStorage\db553c49a4f15faddec438d4fb2ffc17\redhat.java -Daether.dependencyCollector.impl=bf 
java_command: c:\Users\suran\.vscode\extensions\redhat.java-1.38.0-win32-x64\server\plugins\org.eclipse.equinox.launcher_1.6.900.v20240613-2009.jar -configuration c:\Users\suran\AppData\Roaming\Code\User\globalStorage\redhat.java\1.38.0\config_win -data c:\Users\suran\AppData\Roaming\Code\User\workspaceStorage\db553c49a4f15faddec438d4fb2ffc17\redhat.java\jdt_ws --pipe=\\.\pipe\lsp-429135e7f6a2753d69ca1846ab7678e0-sock
java_class_path (initial): c:\Users\suran\.vscode\extensions\redhat.java-1.38.0-win32-x64\server\plugins\org.eclipse.equinox.launcher_1.6.900.v20240613-2009.jar
Launcher Type: SUN_STANDARD

[Global flags]
    uintx AdaptiveSizePolicyWeight                 = 90                                        {product} {command line}
     intx CICompilerCount                          = 4                                         {product} {ergonomic}
    uintx GCTimeRatio                              = 4                                         {product} {command line}
     bool HeapDumpOnOutOfMemoryError               = true                                   {manageable} {command line}
    ccstr HeapDumpPath                             = c:\Users\suran\AppData\Roaming\Code\User\workspaceStorage\db553c49a4f15faddec438d4fb2ffc17\redhat.java         {manageable} {command line}
   size_t InitialHeapSize                          = 104857600                                 {product} {command line}
   size_t MaxHeapSize                              = 1073741824                                {product} {command line}
   size_t MaxNewSize                               = 357564416                                 {product} {ergonomic}
   size_t MinHeapDeltaBytes                        = 524288                                    {product} {ergonomic}
   size_t MinHeapSize                              = 104857600                                 {product} {command line}
   size_t NewSize                                  = 34603008                                  {product} {ergonomic}
    uintx NonNMethodCodeHeapSize                   = 5839372                                {pd product} {ergonomic}
    uintx NonProfiledCodeHeapSize                  = 122909434                              {pd product} {ergonomic}
   size_t OldSize                                  = 70254592                                  {product} {ergonomic}
    uintx ProfiledCodeHeapSize                     = 122909434                              {pd product} {ergonomic}
    uintx ReservedCodeCacheSize                    = 251658240                              {pd product} {ergonomic}
     bool SegmentedCodeCache                       = true                                      {product} {ergonomic}
   size_t SoftMaxHeapSize                          = 1073741824                             {manageable} {ergonomic}
     bool UseCompressedClassPointers               = true                           {product lp64_product} {ergonomic}
     bool UseCompressedOops                        = true                           {product lp64_product} {ergonomic}
     bool UseLargePagesIndividualAllocation        = false                                  {pd product} {ergonomic}
     bool UseParallelGC                            = true                                      {product} {command line}

Logging:
Log output configuration:
 #0: stdout all=off uptime,level,tags
 #1: stderr all=off uptime,level,tags

Environment Variables:
JAVA_HOME=C:\Program Files\Microsoft\jdk-17.0.12.7-hotspot\
PATH=C:\Program Files\Microsoft\jdk-17.0.12.7-hotspot\bin;C:\Python312\Scripts\;C:\Python312\;C:\Program Files\Common Files\Oracle\Java\javapath;C:\Program Files (x86)\Common Files\Intel\Shared Libraries\redist\intel64\compiler;C:\WINDOWS\system32;C:\WINDOWS;C:\WINDOWS\System32\Wbem;C:\WINDOWS\System32\WindowsPowerShell\v1.0\;C:\WINDOWS\System32\OpenSSH\;C:\MinGW\bin;C:\ProgramData\chocolatey\bin;C:\Program Files\Git\cmd;C:\Program Files\nodejs\;C:\Program Files\Java\jdk-21\bin;D:\android\platform-tools-latest-windows\platform-tools;D:\android\SDK\platform-tools;D:\android\SDK\build-tools\35.0.0;C:\Program Files\nodejs;C:\Program Files\MySQL\MySQL Shell 8.0\bin\;D:\android\SDK\tools;C:\Users\suran\AppData\Local\Microsoft\WindowsApps;C:\Users\suran\AppData\Local\Programs\Microsoft VS Code\bin;C:\MinGW\bin;C:\Users\suran\AppData\Roaming\npm;D:\android\SDK\platform-tools;
USERNAME=suran
OS=Windows_NT
PROCESSOR_IDENTIFIER=Intel64 Family 6 Model 140 Stepping 1, GenuineIntel
TMP=C:\Users\suran\AppData\Local\Temp
TEMP=C:\Users\suran\AppData\Local\Temp



Periodic native trim disabled


---------------  S Y S T E M  ---------------

OS:
 Windows 11 , 64 bit Build 22621 (10.0.22621.4391)
OS uptime: 1 days 4:29 hours
Hyper-V role detected

CPU: total 8 (initial active 8) (4 cores per cpu, 2 threads per core) family 6 model 140 stepping 1 microcode 0x8a, cx8, cmov, fxsr, ht, mmx, 3dnowpref, sse, sse2, sse3, ssse3, sse4.1, sse4.2, popcnt, lzcnt, tsc, tscinvbit, avx, avx2, aes, erms, clmul, bmi1, bmi2, adx, avx512f, avx512dq, avx512cd, avx512bw, avx512vl, sha, fma, vzeroupper, avx512_vpopcntdq, avx512_vpclmulqdq, avx512_vaes, avx512_vnni, clflush, clflushopt, clwb, avx512_vbmi2, avx512_vbmi, hv
Processor Information for all 8 processors :
  Max Mhz: 3110, Current Mhz: 3110, Mhz Limit: 3110

Memory: 4k page, system-wide physical 7975M (59M free)
TotalPageFile size 26725M (AvailPageFile size 80M)
current process WorkingSet (physical memory assigned to process): 16M, peak: 16M
current process commit charge ("private bytes"): 151M, peak: 152M

vm_info: OpenJDK 64-Bit Server VM (17.0.13+11) for windows-amd64 JRE (17.0.13+11), built on Oct 16 2024 00:10:08 by "admin" with MS VC++ 17.7 (VS2022)

END.
